0 info it worked if it ends with ok
1 verbose cli [ '/usr/local/bin/node',
1 verbose cli   '/usr/local/bin/npm',
1 verbose cli   'install',
1 verbose cli   'symbols-tree-view',
1 verbose cli   'package' ]
2 info using npm@2.15.5
3 info using node@v4.4.5
4 verbose config Skipping project config: /Users/sn0wfree/.npmrc. (matches userconfig)
5 verbose install initial load of /Users/sn0wfree/package.json
6 verbose installManyTop reading scoped package data from /Users/sn0wfree/node_modules/cheerio/package.json
7 verbose installManyTop reading scoped package data from /Users/sn0wfree/node_modules/request/package.json
8 verbose readDependencies loading dependencies from /Users/sn0wfree/package.json
9 silly cache add args [ 'symbols-tree-view', null ]
10 verbose cache add spec symbols-tree-view
11 silly cache add args [ 'package', null ]
12 verbose cache add spec package
13 silly cache add parsed spec Result {
13 silly cache add   raw: 'symbols-tree-view',
13 silly cache add   scope: null,
13 silly cache add   name: 'symbols-tree-view',
13 silly cache add   rawSpec: '',
13 silly cache add   spec: 'latest',
13 silly cache add   type: 'tag' }
14 silly addNamed symbols-tree-view@latest
15 verbose addNamed "latest" is being treated as a dist-tag for symbols-tree-view
16 info addNameTag [ 'symbols-tree-view', 'latest' ]
17 silly mapToRegistry name symbols-tree-view
18 silly mapToRegistry using default registry
19 silly mapToRegistry registry https://registry.npmjs.org/
20 silly mapToRegistry data Result {
20 silly mapToRegistry   raw: 'symbols-tree-view',
20 silly mapToRegistry   scope: null,
20 silly mapToRegistry   name: 'symbols-tree-view',
20 silly mapToRegistry   rawSpec: '',
20 silly mapToRegistry   spec: 'latest',
20 silly mapToRegistry   type: 'tag' }
21 silly mapToRegistry uri https://registry.npmjs.org/symbols-tree-view
22 verbose addNameTag registry:https://registry.npmjs.org/symbols-tree-view not in flight; fetching
23 silly cache add parsed spec Result {
23 silly cache add   raw: 'package',
23 silly cache add   scope: null,
23 silly cache add   name: 'package',
23 silly cache add   rawSpec: '',
23 silly cache add   spec: 'latest',
23 silly cache add   type: 'tag' }
24 silly addNamed package@latest
25 verbose addNamed "latest" is being treated as a dist-tag for package
26 info addNameTag [ 'package', 'latest' ]
27 silly mapToRegistry name package
28 silly mapToRegistry using default registry
29 silly mapToRegistry registry https://registry.npmjs.org/
30 silly mapToRegistry data Result {
30 silly mapToRegistry   raw: 'package',
30 silly mapToRegistry   scope: null,
30 silly mapToRegistry   name: 'package',
30 silly mapToRegistry   rawSpec: '',
30 silly mapToRegistry   spec: 'latest',
30 silly mapToRegistry   type: 'tag' }
31 silly mapToRegistry uri https://registry.npmjs.org/package
32 verbose addNameTag registry:https://registry.npmjs.org/package not in flight; fetching
33 verbose request uri https://registry.npmjs.org/symbols-tree-view
34 verbose request no auth needed
35 info attempt registry request try #1 at 3:10:32 PM
36 verbose request id feda0c57ef65459c
37 http request GET https://registry.npmjs.org/symbols-tree-view
38 verbose request uri https://registry.npmjs.org/package
39 verbose request no auth needed
40 info attempt registry request try #1 at 3:10:32 PM
41 http request GET https://registry.npmjs.org/package
42 http 200 https://registry.npmjs.org/package
43 verbose headers { server: 'nginx/1.10.1',
43 verbose headers   'content-type': 'application/json',
43 verbose headers   'last-modified': 'Mon, 06 Mar 2017 08:03:31 GMT',
43 verbose headers   etag: 'W/"58bd17d3-1703"',
43 verbose headers   'content-encoding': 'gzip',
43 verbose headers   'cache-control': 'max-age=300',
43 verbose headers   'content-length': '1916',
43 verbose headers   'accept-ranges': 'bytes',
43 verbose headers   date: 'Thu, 16 Mar 2017 15:10:10 GMT',
43 verbose headers   via: '1.1 varnish',
43 verbose headers   age: '228',
43 verbose headers   connection: 'keep-alive',
43 verbose headers   'x-served-by': 'cache-lcy1138-LCY',
43 verbose headers   'x-cache': 'HIT',
43 verbose headers   'x-cache-hits': '2',
43 verbose headers   'x-timer': 'S1489677010.324704,VS0,VE0',
43 verbose headers   vary: 'Accept-Encoding' }
44 silly get cb [ 200,
44 silly get   { server: 'nginx/1.10.1',
44 silly get     'content-type': 'application/json',
44 silly get     'last-modified': 'Mon, 06 Mar 2017 08:03:31 GMT',
44 silly get     etag: 'W/"58bd17d3-1703"',
44 silly get     'content-encoding': 'gzip',
44 silly get     'cache-control': 'max-age=300',
44 silly get     'content-length': '1916',
44 silly get     'accept-ranges': 'bytes',
44 silly get     date: 'Thu, 16 Mar 2017 15:10:10 GMT',
44 silly get     via: '1.1 varnish',
44 silly get     age: '228',
44 silly get     connection: 'keep-alive',
44 silly get     'x-served-by': 'cache-lcy1138-LCY',
44 silly get     'x-cache': 'HIT',
44 silly get     'x-cache-hits': '2',
44 silly get     'x-timer': 'S1489677010.324704,VS0,VE0',
44 silly get     vary: 'Accept-Encoding' } ]
45 verbose get saving package to /Users/sn0wfree/.npm/registry.npmjs.org/package/.cache.json
46 verbose correctMkdir /Users/sn0wfree/.npm correctMkdir not in flight; initializing
47 silly addNameTag next cb for package with tag latest
48 silly addNamed package@1.0.1
49 verbose addNamed "1.0.1" is a plain semver version for package
50 silly mapToRegistry name package
51 silly mapToRegistry using default registry
52 silly mapToRegistry registry https://registry.npmjs.org/
53 silly mapToRegistry data Result {
53 silly mapToRegistry   raw: 'package',
53 silly mapToRegistry   scope: null,
53 silly mapToRegistry   name: 'package',
53 silly mapToRegistry   rawSpec: '',
53 silly mapToRegistry   spec: 'latest',
53 silly mapToRegistry   type: 'tag' }
54 silly mapToRegistry uri https://registry.npmjs.org/package
55 verbose addRemoteTarball https://registry.npmjs.org/package/-/package-1.0.1.tgz not in flight; adding
56 verbose addRemoteTarball [ 'https://registry.npmjs.org/package/-/package-1.0.1.tgz',
56 verbose addRemoteTarball   'd25a1f99e2506dcb27d6704b83dca8a312e4edcc' ]
57 info retry fetch attempt 1 at 3:10:32 PM
58 info attempt registry request try #1 at 3:10:32 PM
59 http fetch GET https://registry.npmjs.org/package/-/package-1.0.1.tgz
60 http fetch 200 https://registry.npmjs.org/package/-/package-1.0.1.tgz
61 silly fetchAndShaCheck shasum d25a1f99e2506dcb27d6704b83dca8a312e4edcc
62 verbose addTmpTarball /var/folders/ns/fj1q4_ld37ld9j1lx0533w_r0000gq/T/npm-42452-dce8b153/registry.npmjs.org/package/-/package-1.0.1.tgz not in flight; adding
63 verbose addTmpTarball already have metadata; skipping unpack for package@1.0.1
64 verbose correctMkdir /Users/sn0wfree/.npm correctMkdir not in flight; initializing
65 silly cache afterAdd package@1.0.1
66 verbose afterAdd /Users/sn0wfree/.npm/package/1.0.1/package/package.json not in flight; writing
67 verbose correctMkdir /Users/sn0wfree/.npm correctMkdir not in flight; initializing
68 verbose afterAdd /Users/sn0wfree/.npm/package/1.0.1/package/package.json written
69 http 404 https://registry.npmjs.org/symbols-tree-view
70 verbose headers { 'content-type': 'application/json',
70 verbose headers   'cache-control': 'max-age=0',
70 verbose headers   'content-length': '2',
70 verbose headers   'accept-ranges': 'bytes',
70 verbose headers   date: 'Thu, 16 Mar 2017 15:10:12 GMT',
70 verbose headers   via: '1.1 varnish',
70 verbose headers   age: '0',
70 verbose headers   connection: 'keep-alive',
70 verbose headers   'x-served-by': 'cache-lcy1128-LCY',
70 verbose headers   'x-cache': 'MISS',
70 verbose headers   'x-cache-hits': '0',
70 verbose headers   'x-timer': 'S1489677010.323811,VS0,VE1917',
70 verbose headers   vary: 'Accept-Encoding' }
71 silly get cb [ 404,
71 silly get   { 'content-type': 'application/json',
71 silly get     'cache-control': 'max-age=0',
71 silly get     'content-length': '2',
71 silly get     'accept-ranges': 'bytes',
71 silly get     date: 'Thu, 16 Mar 2017 15:10:12 GMT',
71 silly get     via: '1.1 varnish',
71 silly get     age: '0',
71 silly get     connection: 'keep-alive',
71 silly get     'x-served-by': 'cache-lcy1128-LCY',
71 silly get     'x-cache': 'MISS',
71 silly get     'x-cache-hits': '0',
71 silly get     'x-timer': 'S1489677010.323811,VS0,VE1917',
71 silly get     vary: 'Accept-Encoding' } ]
72 verbose stack Error: Registry returned 404 for GET on https://registry.npmjs.org/symbols-tree-view
72 verbose stack     at makeError (/usr/local/lib/node_modules/npm/node_modules/npm-registry-client/lib/request.js:264:12)
72 verbose stack     at CachingRegistryClient.<anonymous> (/usr/local/lib/node_modules/npm/node_modules/npm-registry-client/lib/request.js:242:14)
72 verbose stack     at Request._callback (/usr/local/lib/node_modules/npm/node_modules/npm-registry-client/lib/request.js:172:14)
72 verbose stack     at Request.self.callback (/usr/local/lib/node_modules/npm/node_modules/request/request.js:200:22)
72 verbose stack     at emitTwo (events.js:87:13)
72 verbose stack     at Request.emit (events.js:172:7)
72 verbose stack     at Request.<anonymous> (/usr/local/lib/node_modules/npm/node_modules/request/request.js:1067:10)
72 verbose stack     at emitOne (events.js:82:20)
72 verbose stack     at Request.emit (events.js:169:7)
72 verbose stack     at IncomingMessage.<anonymous> (/usr/local/lib/node_modules/npm/node_modules/request/request.js:988:12)
73 verbose statusCode 404
74 verbose pkgid symbols-tree-view
75 verbose cwd /Users/sn0wfree/Documents/python_projects/data_collection/API/Google_trend
76 error Darwin 16.4.0
77 error argv "/usr/local/bin/node" "/usr/local/bin/npm" "install" "symbols-tree-view" "package"
78 error node v4.4.5
79 error npm  v2.15.5
80 error code E404
81 error 404 Registry returned 404 for GET on https://registry.npmjs.org/symbols-tree-view
81 error 404
81 error 404 'symbols-tree-view' is not in the npm registry.
81 error 404 You should bug the author to publish it (or use the name yourself!)
81 error 404
81 error 404 Note that you can also install from a
81 error 404 tarball, folder, http url, or git url.
82 verbose exit [ 1, true ]
